<?xml version="1.0" encoding="UTF-8"?>
<!-- Generated by org.testng.reporters.JUnitReportReporter -->
<testsuite hostname="DESKTOP-I3BGM4H" failures="0" tests="2" name="com.crm.qa.testcases.SignUppageTest" time="38.123" errors="0" timestamp="11 Jan 2022 11:56:37 GMT" skipped="0">
  <testcase classname="com.crm.qa.testcases.SignUppageTest" name="verifySignUppageTitlle" time="18.836"/>
  <testcase classname="com.crm.qa.testcases.SignUppageTest" name="clickOnSignupButtonTest" time="19.287"/>
</testsuite> <!-- com.crm.qa.testcases.SignUppageTest -->
